{
  "RSpec": {
    "coverage": {
      "/Users/jgarc609/makers/course/bookmark_manager/app.rb": {
        "lines": [
          null,
          null,
          1,
          1,
          1,
          1,
          null,
          1,
          null,
          null,
          1,
          1,
          1,
          0,
          null,
          null,
          1,
          3,
          null,
          null,
          1,
          null,
          2,
          null,
          2,
          null,
          null,
          1,
          2,
          2,
          2,
          2,
          null,
          null,
          1,
          1,
          null,
          null,
          1,
          null
        ]
      },
      "/Users/jgarc609/makers/course/bookmark_manager/database_connection_setup.rb": {
        "lines": [
          null,
          null,
          1,
          null,
          1
        ]
      },
      "/Users/jgarc609/makers/course/bookmark_manager/lib/database_connection.rb": {
        "lines": [
          null,
          null,
          1,
          null,
          1,
          1,
          1,
          null,
          null,
          1,
          0,
          null,
          null,
          1,
          0,
          null,
          null
        ]
      },
      "/Users/jgarc609/makers/course/bookmark_manager/lib/bookmark.rb": {
        "lines": [
          null,
          null,
          1,
          1,
          null,
          1,
          4,
          4,
          null,
          null,
          1,
          5,
          5,
          null,
          null
        ]
      },
      "/Users/jgarc609/makers/course/bookmark_manager/lib/bookmarks.rb": {
        "lines": [
          null,
          null,
          1,
          1,
          null,
          1,
          1,
          null,
          1,
          2,
          null,
          null,
          null,
          null,
          null,
          null,
          null,
          null,
          null,
          null,
          1,
          5,
          null,
          null,
          1,
          3,
          null,
          null
        ]
      },
      "/Users/jgarc609/makers/course/bookmark_manager/spec/bookmarks_spec.rb": {
        "lines": [
          null,
          null,
          1,
          1,
          1,
          1,
          1,
          null,
          1,
          1,
          1,
          null,
          1,
          1,
          1,
          1,
          1,
          null,
          null
        ]
      },
      "/Users/jgarc609/makers/course/bookmark_manager/spec/features/add_spec.rb": {
        "lines": [
          null,
          null,
          1,
          null,
          null,
          null,
          null,
          1,
          1,
          1,
          1,
          1,
          null,
          1,
          1,
          1,
          1,
          null,
          1,
          1,
          null,
          null
        ]
      }
    },
    "timestamp": 1635950773
  }
}
